<?xml version="1.0" encoding="UTF-8"?>
<testng-results ignored="0" total="1" passed="1" failed="0" skipped="0">
  <reporter-output>
  </reporter-output>
  <suite started-at="2019-05-06T06:52:34Z" name="Suite1" finished-at="2019-05-06T06:52:34Z" duration-ms="297">
    <groups>
    </groups>
    <test started-at="2019-05-06T06:52:34Z" name="Test1" finished-at="2019-05-06T06:52:34Z" duration-ms="297">
      <class name="com.softserve.edu.AppTest">
        <test-method signature="testApp1()[pri:0, instance:com.softserve.edu.AppTest@616ac46a]" started-at="2019-05-06T06:52:34Z" name="testApp1" finished-at="2019-05-06T06:52:34Z" duration-ms="125" status="PASS">
          <reporter-output>
          </reporter-output>
        </test-method> <!-- testApp1 -->
      </class> <!-- com.softserve.edu.AppTest -->
    </test> <!-- Test1 -->
  </suite> <!-- Suite1 -->
</testng-results>
